# JRE version: Java(TM) SE Runtime Environment (18.0.1.1+2) (build 18.0.1.1+2-6)
# Java VM: Java HotSpot(TM) 64-Bit Server VM (18.0.1.1+2-6, mixed mode, sharing, tiered, compressed oops, compressed class ptrs, g1 gc, windows-amd64)
GC Precious Log:
 CardTable entry size: 512
 Card Set container configuration: InlinePtr #cards 5 size 8 Array Of Cards #cards 12 size 40 Howl #buckets 4 coarsen threshold 1843 Howl Bitmap #cards 512 size 80 coarsen threshold 460 Card regions per heap region 1 cards per card region 2048
 CPUs: 8 total, 8 available
 Memory: 8143M
 Large Page Support: Disabled
 NUMA Support: Disabled
 Compressed Oops: Enabled (32-bit)
 Heap Region Size: 1M
 Heap Min Capacity: 8M
 Heap Initial Capacity: 128M
 Heap Max Capacity: 2036M
 Pre-touch: Disabled
 Parallel Workers: 8
 Concurrent Workers: 2
 Concurrent Refinement Workers: 8
 Periodic GC: Disabled
Heap:
 garbage-first heap   total 89088K, used 70474K [0x0000000080c00000, 0x0000000100000000)
  region size 1024K, 46 young (47104K), 0 survivors (0K)
 Metaspace       used 64285K, committed 64960K, reserved 1114112K
  class space    used 8403K, committed 8768K, reserved 1048576K
GC Heap History (20 events):
Event: 3.579 GC heap before
{Heap before GC invocations=11 (full 0):
 garbage-first heap   total 51200K, used 40054K [0x0000000080c00000, 0x0000000100000000)
  region size 1024K, 25 young (25600K), 3 survivors (3072K)
 Metaspace       used 34160K, committed 34624K, reserved 1114112K
  class space    used 4205K, committed 4416K, reserved 1048576K
}
Event: 3.581 GC heap after
{Heap after GC invocations=12 (full 0):
 garbage-first heap   total 51200K, used 18613K [0x0000000080c00000, 0x0000000100000000)
  region size 1024K, 3 young (3072K), 3 survivors (3072K)
 Metaspace       used 34160K, committed 34624K, reserved 1114112K
  class space    used 4205K, committed 4416K, reserved 1048576K
}
Event: 3.667 GC heap before
{Heap before GC invocations=12 (full 0):
 garbage-first heap   total 51200K, used 28853K [0x0000000080c00000, 0x0000000100000000)
  region size 1024K, 14 young (14336K), 3 survivors (3072K)
 Metaspace       used 35504K, committed 35968K, reserved 1114112K
  class space    used 4361K, committed 4608K, reserved 1048576K
}
Event: 3.670 GC heap after
{Heap after GC invocations=13 (full 0):
 garbage-first heap   total 51200K, used 19161K [0x0000000080c00000, 0x0000000100000000)
  region size 1024K, 2 young (2048K), 2 survivors (2048K)
 Metaspace       used 35504K, committed 35968K, reserved 1114112K
  class space    used 4361K, committed 4608K, reserved 1048576K
}
Event: 3.926 GC heap before
{Heap before GC invocations=14 (full 0):
 garbage-first heap   total 51200K, used 39641K [0x0000000080c00000, 0x0000000100000000)
  region size 1024K, 23 young (23552K), 2 survivors (2048K)
 Metaspace       used 37772K, committed 38272K, reserved 1114112K
  class space    used 4629K, committed 4864K, reserved 1048576K
}
Event: 3.928 GC heap after
{Heap after GC invocations=15 (full 0):
 garbage-first heap   total 51200K, used 20080K [0x0000000080c00000, 0x0000000100000000)
  region size 1024K, 3 young (3072K), 3 survivors (3072K)
 Metaspace       used 37772K, committed 38272K, reserved 1114112K
  class space    used 4629K, committed 4864K, reserved 1048576K
}
Event: 4.103 GC heap before
{Heap before GC invocations=15 (full 0):
 garbage-first heap   total 51200K, used 39536K [0x0000000080c00000, 0x0000000100000000)
  region size 1024K, 23 young (23552K), 3 survivors (3072K)
 Metaspace       used 39644K, committed 40128K, reserved 1114112K
  class space    used 4890K, committed 5120K, reserved 1048576K
}
Event: 4.104 GC heap after
{Heap after GC invocations=16 (full 0):
 garbage-first heap   total 51200K, used 20519K [0x0000000080c00000, 0x0000000100000000)
  region size 1024K, 3 young (3072K), 3 survivors (3072K)
 Metaspace       used 39644K, committed 40128K, reserved 1114112K
  class space    used 4890K, committed 5120K, reserved 1048576K
}
Event: 4.292 GC heap before
{Heap before GC invocations=16 (full 0):
 garbage-first heap   total 51200K, used 40999K [0x0000000080c00000, 0x0000000100000000)
  region size 1024K, 23 young (23552K), 3 survivors (3072K)
 Metaspace       used 41537K, committed 42048K, reserved 1114112K
  class space    used 5198K, committed 5440K, reserved 1048576K
}
Event: 4.294 GC heap after
{Heap after GC invocations=17 (full 0):
 garbage-first heap   total 102400K, used 20967K [0x0000000080c00000, 0x0000000100000000)
  region size 1024K, 2 young (2048K), 2 survivors (2048K)
 Metaspace       used 41537K, committed 42048K, reserved 1114112K
  class space    used 5198K, committed 5440K, reserved 1048576K
}
Event: 4.830 GC heap before
{Heap before GC invocations=17 (full 0):
 garbage-first heap   total 102400K, used 79335K [0x0000000080c00000, 0x0000000100000000)
  region size 1024K, 60 young (61440K), 2 survivors (2048K)
 Metaspace       used 47244K, committed 47808K, reserved 1114112K
  class space    used 5998K, committed 6272K, reserved 1048576K
}
Event: 4.833 GC heap after
{Heap after GC invocations=18 (full 0):
 garbage-first heap   total 102400K, used 22043K [0x0000000080c00000, 0x0000000100000000)
  region size 1024K, 3 young (3072K), 3 survivors (3072K)
 Metaspace       used 47244K, committed 47808K, reserved 1114112K
  class space    used 5998K, committed 6272K, reserved 1048576K
}
Event: 5.322 GC heap before
{Heap before GC invocations=18 (full 0):
 garbage-first heap   total 102400K, used 80411K [0x0000000080c00000, 0x0000000100000000)
  region size 1024K, 60 young (61440K), 3 survivors (3072K)
 Metaspace       used 53501K, committed 54080K, reserved 1114112K
  class space    used 7018K, committed 7296K, reserved 1048576K
}
Event: 5.325 GC heap after
{Heap after GC invocations=19 (full 0):
 garbage-first heap   total 102400K, used 22864K [0x0000000080c00000, 0x0000000100000000)
  region size 1024K, 4 young (4096K), 4 survivors (4096K)
 Metaspace       used 53501K, committed 54080K, reserved 1114112K
  class space    used 7018K, committed 7296K, reserved 1048576K
}
Event: 5.981 GC heap before
{Heap before GC invocations=19 (full 0):
 garbage-first heap   total 102400K, used 80208K [0x0000000080c00000, 0x0000000100000000)
  region size 1024K, 60 young (61440K), 4 survivors (4096K)
 Metaspace       used 58224K, committed 58816K, reserved 1114112K
  class space    used 7630K, committed 7936K, reserved 1048576K
}
Event: 5.985 GC heap after
{Heap after GC invocations=20 (full 0):
 garbage-first heap   total 102400K, used 25781K [0x0000000080c00000, 0x0000000100000000)
  region size 1024K, 7 young (7168K), 7 survivors (7168K)
 Metaspace       used 58224K, committed 58816K, reserved 1114112K
  class space    used 7630K, committed 7936K, reserved 1048576K
}
Event: 6.215 GC heap before
{Heap before GC invocations=20 (full 0):
 garbage-first heap   total 102400K, used 46261K [0x0000000080c00000, 0x0000000100000000)
  region size 1024K, 28 young (28672K), 7 survivors (7168K)
 Metaspace       used 59670K, committed 60288K, reserved 1114112K
  class space    used 7819K, committed 8128K, reserved 1048576K
}
Event: 6.220 GC heap after
{Heap after GC invocations=21 (full 0):
 garbage-first heap   total 102400K, used 27015K [0x0000000080c00000, 0x0000000100000000)
  region size 1024K, 5 young (5120K), 5 survivors (5120K)
 Metaspace       used 59670K, committed 60288K, reserved 1114112K
  class space    used 7819K, committed 8128K, reserved 1048576K
}
Event: 37.611 GC heap before
{Heap before GC invocations=22 (full 0):
 garbage-first heap   total 96256K, used 73095K [0x0000000080c00000, 0x0000000100000000)
  region size 1024K, 51 young (52224K), 5 survivors (5120K)
 Metaspace       used 63508K, committed 64128K, reserved 1114112K
  class space    used 8377K, committed 8704K, reserved 1048576K
}
Event: 37.641 GC heap after
{Heap after GC invocations=23 (full 1):
 garbage-first heap   total 89088K, used 24394K [0x0000000080c00000, 0x0000000100000000)
  region size 1024K, 0 young (0K), 0 survivors (0K)
 Metaspace       used 63502K, committed 64128K, reserved 1114112K
  class space    used 8375K, committed 8704K, reserved 1048576K
}

